<?xml version="1.0" encoding="UTF-8"?>
<!-- Generated by org.testng.reporters.JUnitReportReporter -->
<testsuite hostname="DESKTOP-HHB522J" failures="0" tests="1" name="HariGovindAcademy.SubmitOrderTestCustomize" time="18.018" errors="0" timestamp="2025-05-24T08:21:05 IST" skipped="0">
  <testcase classname="HariGovindAcademy.SubmitOrderTestCustomize" name="SubmitOrder" time="18.018"/>
</testsuite> <!-- HariGovindAcademy.SubmitOrderTestCustomize -->
